#
# A fatal error has been detected by the Java Runtime Environment:
#
#  EXCEPTION_ACCESS_VIOLATION (0xc0000005) at pc=0x00007ff9f7688291, pid=20916, tid=13752
#
# JRE version: OpenJDK Runtime Environment Temurin-17.0.2+8 (17.0.2+8) (build 17.0.2+8)
# Java VM: OpenJDK 64-Bit Server VM Temurin-17.0.2+8 (17.0.2+8, mixed mode, tiered, compressed oops, compressed class ptrs, parallel gc, windows-amd64)
# Problematic frame:
# V  [jvm.dll+0x368291]
#
# No core dump will be written. Minidumps are not enabled by default on client versions of Windows
#
# If you would like to submit a bug report, please visit:
#   https://github.com/adoptium/adoptium-support/issues
#

---------------  S U M M A R Y ------------

Command Line: --add-modules=ALL-SYSTEM --add-opens=java.base/java.util=ALL-UNNAMED --add-opens=java.base/java.lang=ALL-UNNAMED --add-opens=java.base/sun.nio.fs=ALL-UNNAMED -Declipse.application=org.eclipse.jdt.ls.core.id1 -Dosgi.bundles.defaultStartLevel=4 -Declipse.product=org.eclipse.jdt.ls.core.product -Djava.import.generatesMetadataFilesAtProjectRoot=false -Dfile.encoding=utf8 -DwatchParentProcess=false -XX:+UseParallelGC -XX:GCTimeRatio=4 -XX:AdaptiveSizePolicyWeight=90 -Dsun.zip.disableMemoryMapping=true -Xmx1G -Xms100m -XX:+HeapDumpOnOutOfMemoryError -XX:HeapDumpPath=c:\Users\vasee\AppData\Roaming\Code\User\workspaceStorage\e28578dcfbbfd06e46c8eaae48a0f812\redhat.java c:\Users\vasee\.vscode\extensions\redhat.java-1.5.0-win32-x64\server\plugins\org.eclipse.equinox.launcher_1.6.400.v20210924-0641.jar -configuration c:\Users\vasee\AppData\Roaming\Code\User\globalStorage\redhat.java\1.5.0\config_win -data c:\Users\vasee\AppData\Roaming\Code\User\workspaceStorage\e28578dcfbbfd06e46c8eaae48a0f812\redhat.java\jdt_ws

Host: Intel(R) Core(TM) i7-9750H CPU @ 2.60GHz, 12 cores, 15G,  Windows 10 , 64 bit Build 19041 (10.0.19041.1645)
Time: Thu May  5 13:34:12 2022 India Standard Time elapsed time: 10.300033 seconds (0d 0h 0m 10s)

---------------  T H R E A D  ---------------

Current thread (0x0000028637ad15b0):  JavaThread "C2 CompilerThread0" daemon [_thread_in_native, id=13752, stack(0x000000e66de00000,0x000000e66df00000)]


Current CompileTask:
C2:  10300 5784   !   4       org.eclipse.osgi.internal.loader.BundleLoader::findRequiredSource (283 bytes)

Stack: [0x000000e66de00000,0x000000e66df00000],  sp=0x000000e66defbb50,  free space=1006k
Native frames: (J=compiled Java code, j=interpreted, Vv=VM code, C=native code)
V  [jvm.dll+0x368291]
V  [jvm.dll+0x55ed06]
V  [jvm.dll+0x1bb8fd]
V  [jvm.dll+0x218229]
V  [jvm.dll+0x2174f1]
V  [jvm.dll+0x1a3a8d]
V  [jvm.dll+0x226ef8]
V  [jvm.dll+0x22503c]
V  [jvm.dll+0x7e596b]
V  [jvm.dll+0x7dff2a]
V  [jvm.dll+0x6744d5]
C  [ucrtbase.dll+0x21bb2]
C  [KERNEL32.DLL+0x17034]
C  [ntdll.dll+0x52651]


siginfo: EXCEPTION_ACCESS_VIOLATION (0xc0000005), writing address 0x00007ff9f7ecaba8


Register to memory mapping:

RIP=0x00007ff9f7688291 jvm.dll
RAX=0x000000e66defea20 is pointing into the stack for thread: 0x0000028637ad15b0
RBX=0x00007ff9f7ecaba8 jvm.dll
RCX=0x0000028647674700 points into unknown readable memory: 0x0000028647674620 | 20 46 67 47 86 02 00 00
RDX=0x0000000000000002 is an unknown value
RSP=0x000000e66defbb50 is pointing into the stack for thread: 0x0000028637ad15b0
RBP=0x0000028635c56a00 points into unknown readable memory: 0x0000000000000000 | 00 00 00 00 00 00 00 00
RSI=0x0000000000000038 is an unknown value
RDI=0x0000028644f669c0 points into unknown readable memory: 0x0000001c00000000 | 00 00 00 00 1c 00 00 00
R8 =0x0 is NULL
R9 =0x000000e66defbbf8 is pointing into the stack for thread: 0x0000028637ad15b0
R10=0x00007ff9f7e8aba8 jvm.dll
R11=0x000000e66defbb88 is pointing into the stack for thread: 0x0000028637ad15b0
R12=0x0 is NULL
R13=0x0000028637acc1d0 points into unknown readable memory: 0x0000000000000006 | 06 00 00 00 00 00 00 00
R14=0x0000000000000048 is an unknown value
R15=0x0000000000000018 is an unknown value


Registers:
RAX=0x000000e66defea20, RBX=0x00007ff9f7ecaba8, RCX=0x0000028647674700, RDX=0x0000000000000002
RSP=0x000000e66defbb50, RBP=0x0000028635c56a00, RSI=0x0000000000000038, RDI=0x0000028644f669c0
R8 =0x0000000000000000, R9 =0x000000e66defbbf8, R10=0x00007ff9f7e8aba8, R11=0x000000e66defbb88
R12=0x0000000000000000, R13=0x0000028637acc1d0, R14=0x0000000000000048, R15=0x0000000000000018
RIP=0x00007ff9f7688291, EFLAGS=0x0000000000010202

Top of Stack: (sp=0x000000e66defbb50)
0x000000e66defbb50:   0000000000002380 000000e66defbda0
0x000000e66defbb60:   0000028647a883a0 00000000000000f3
0x000000e66defbb70:   0000028635c56a00 0000000000000400
0x000000e66defbb80:   0000028644f669c0 00007ff9f787ed06
0x000000e66defbb90:   0000000000000007 0000000000000400
0x000000e66defbba0:   000000e66defbda0 0000000000000000
0x000000e66defbbb0:   000002862200cc30 0000000000000018
0x000000e66defbbc0:   0000028647a883a0 0000000000000798
0x000000e66defbbd0:   0000028637acc1d0 000002864764f630
0x000000e66defbbe0:   000000000029ab68 0000028647650880
0x000000e66defbbf0:   0000028647657618 00007ff900000040
0x000000e66defbc00:   00000286395880a0 0000000000000040
0x000000e66defbc10:   0000028637acc1d0 0000000000000000
0x000000e66defbc20:   0000000000223e50 000002863a8e8a90
0x000000e66defbc30:   000002863a8e8aa0 0000028621ff6600
0x000000e66defbc40:   00000000000003d8 0000000000000000 

Instructions: (pc=0x00007ff9f7688291)
0x00007ff9f7688191:   18 48 8b 88 d0 04 00 00 48 8b 99 80 00 00 00 48
0x00007ff9f76881a1:   8b 83 c8 08 00 00 48 85 c0 75 0c e8 ef 09 00 00
0x00007ff9f76881b1:   48 8b 83 c8 08 00 00 48 8b 08 0f 57 c0 48 89 8b
0x00007ff9f76881c1:   c8 08 00 00 0f 11 00 0f 11 40 10 48 83 c4 20 5b
0x00007ff9f76881d1:   c3 cc cc cc cc cc cc cc cc cc cc cc cc cc cc 48
0x00007ff9f76881e1:   89 5c 24 08 57 48 83 ec 20 8b da 48 8b f9 e8 6c
0x00007ff9f76881f1:   ff ff ff c1 eb 08 3b 5f 04 72 08 44 8d 43 01 44
0x00007ff9f7688201:   89 47 04 48 8b 4f 08 48 89 04 d9 48 8b 5c 24 30
0x00007ff9f7688211:   48 83 c4 20 5f c3 cc cc cc cc cc cc cc cc cc 48
0x00007ff9f7688221:   89 5c 24 08 48 89 6c 24 10 48 89 74 24 18 57 41
0x00007ff9f7688231:   56 41 57 48 83 ec 20 8b c2 48 8b f9 8b 15 75 0f
0x00007ff9f7688241:   84 00 41 be 48 00 00 00 48 8d 34 c5 00 00 00 00
0x00007ff9f7688251:   48 8b 41 08 48 8b 1c 06 65 48 8b 04 25 58 00 00
0x00007ff9f7688261:   00 48 8b 2c d0 41 80 3c 2e 00 75 05 e8 3a 2f 52
0x00007ff9f7688271:   00 41 bf 18 00 00 00 49 8b 04 2f 48 8b 88 d0 04
0x00007ff9f7688281:   00 00 48 8b 81 80 00 00 00 48 8b 88 c8 08 00 00
0x00007ff9f7688291:   48 89 0b 41 80 3c 2e 00 75 05 e8 0c 2f 52 00 49
0x00007ff9f76882a1:   8b 04 2f 48 8b 6c 24 48 48 8b 88 d0 04 00 00 48
0x00007ff9f76882b1:   8b 81 80 00 00 00 48 8d 0d ea 28 80 00 48 89 98
0x00007ff9f76882c1:   c8 08 00 00 48 8b 47 08 48 8b 5c 24 40 48 89 0c
0x00007ff9f76882d1:   06 48 8b 74 24 50 48 83 c4 20 41 5f 41 5e 5f c3
0x00007ff9f76882e1:   cc cc cc cc cc cc cc cc cc cc cc cc cc cc cc 48
0x00007ff9f76882f1:   89 5c 24 18 57 48 83 ec 20 81 c2 ff 00 00 00 33
0x00007ff9f7688301:   db c1 ea 08 48 8b f9 48 89 19 89 91 90 00 00 00
0x00007ff9f7688311:   83 fa 10 77 09 48 83 c1 10 e9 a6 00 00 00 65 48
0x00007ff9f7688321:   8b 04 25 58 00 00 00 8b 0d 8a 0e 84 00 48 89 6c
0x00007ff9f7688331:   24 30 48 89 74 24 38 48 8b 34 c8 b8 48 00 00 00
0x00007ff9f7688341:   38 1c 30 75 0b e8 61 2e 52 00 8b 97 90 00 00 00
0x00007ff9f7688351:   b8 18 00 00 00 8b ea 48 c1 e5 03 48 8b 04 30 48
0x00007ff9f7688361:   8b 88 d0 04 00 00 48 8b 81 80 00 00 00 48 8b b0
0x00007ff9f7688371:   c0 08 00 00 48 8b c5 48 f7 d0 48 8b 4e 18 48 3b
0x00007ff9f7688381:   c1 73 16 4c 8d 05 3d 9f 5a 00 48 8b d5 48 8b ce 


Stack slot to memory mapping:
stack at sp + 0 slots: 0x0000000000002380 is an unknown value
stack at sp + 1 slots: 0x000000e66defbda0 is pointing into the stack for thread: 0x0000028637ad15b0
stack at sp + 2 slots: 0x0000028647a883a0 points into unknown readable memory: 0x0000000000000000 | 00 00 00 00 00 00 00 00
stack at sp + 3 slots: 0x00000000000000f3 is an unknown value
stack at sp + 4 slots: 0x0000028635c56a00 points into unknown readable memory: 0x0000000000000000 | 00 00 00 00 00 00 00 00
stack at sp + 5 slots: 0x0000000000000400 is an unknown value
stack at sp + 6 slots: 0x0000028644f669c0 points into unknown readable memory: 0x0000001c00000000 | 00 00 00 00 1c 00 00 00
stack at sp + 7 slots: 0x00007ff9f787ed06 jvm.dll


---------------  P R O C E S S  ---------------

Threads class SMR info:
_java_thread_list=0x00000286392bc820, length=28, elements={
0x0000028621f370c0, 0x0000028635db82d0, 0x0000028635db9a20, 0x0000028637ac7260,
0x0000028637ac80d0, 0x0000028637acae50, 0x0000028637ace120, 0x0000028637ad15b0,
0x0000028637ad6d90, 0x0000028637ad86c0, 0x0000028621ff7500, 0x0000028637d150e0,
0x00000286394273d0, 0x0000028639405540, 0x0000028639405a10, 0x000002863a359a20,
0x000002863a4e3d70, 0x000002863a680440, 0x000002863a85fbf0, 0x000002863a861da0,
0x000002863a861400, 0x000002863a8600c0, 0x000002863a862270, 0x000002863a860590,
0x000002863a85f720, 0x000002863a8618d0, 0x000002863a85e8b0, 0x00000286472c6f60
}

Java Threads: ( => current thread )
  0x0000028621f370c0 JavaThread "main" [_thread_blocked, id=5104, stack(0x000000e66d500000,0x000000e66d600000)]
  0x0000028635db82d0 JavaThread "Reference Handler" daemon [_thread_blocked, id=23236, stack(0x000000e66d800000,0x000000e66d900000)]
  0x0000028635db9a20 JavaThread "Finalizer" daemon [_thread_blocked, id=12972, stack(0x000000e66d900000,0x000000e66da00000)]
  0x0000028637ac7260 JavaThread "Signal Dispatcher" daemon [_thread_blocked, id=16264, stack(0x000000e66da00000,0x000000e66db00000)]
  0x0000028637ac80d0 JavaThread "Attach Listener" daemon [_thread_blocked, id=18716, stack(0x000000e66db00000,0x000000e66dc00000)]
  0x0000028637acae50 JavaThread "Service Thread" daemon [_thread_blocked, id=13620, stack(0x000000e66dc00000,0x000000e66dd00000)]
  0x0000028637ace120 JavaThread "Monitor Deflation Thread" daemon [_thread_blocked, id=10276, stack(0x000000e66dd00000,0x000000e66de00000)]
=>0x0000028637ad15b0 JavaThread "C2 CompilerThread0" daemon [_thread_in_native, id=13752, stack(0x000000e66de00000,0x000000e66df00000)]
  0x0000028637ad6d90 JavaThread "C1 CompilerThread0" daemon [_thread_blocked, id=11312, stack(0x000000e66df00000,0x000000e66e000000)]
  0x0000028637ad86c0 JavaThread "Sweeper thread" daemon [_thread_blocked, id=15644, stack(0x000000e66e000000,0x000000e66e100000)]
  0x0000028621ff7500 JavaThread "Common-Cleaner" daemon [_thread_blocked, id=22276, stack(0x000000e66e100000,0x000000e66e200000)]
  0x0000028637d150e0 JavaThread "Notification Thread" daemon [_thread_blocked, id=16648, stack(0x000000e66e300000,0x000000e66e400000)]
  0x00000286394273d0 JavaThread "Active Thread: Equinox Container: efd5cb87-29c9-4f6c-90fd-48d97063797b" [_thread_blocked, id=20432, stack(0x000000e66e500000,0x000000e66e600000)]
  0x0000028639405540 JavaThread "Framework Event Dispatcher: Equinox Container: efd5cb87-29c9-4f6c-90fd-48d97063797b" daemon [_thread_blocked, id=16332, stack(0x000000e66e600000,0x000000e66e700000)]
  0x0000028639405a10 JavaThread "Start Level: Equinox Container: efd5cb87-29c9-4f6c-90fd-48d97063797b" daemon [_thread_blocked, id=11740, stack(0x000000e66e700000,0x000000e66e800000)]
  0x000002863a359a20 JavaThread "SCR Component Actor" daemon [_thread_blocked, id=11856, stack(0x000000e66ee00000,0x000000e66ef00000)]
  0x000002863a4e3d70 JavaThread "Bundle File Closer" daemon [_thread_blocked, id=17932, stack(0x000000e66f000000,0x000000e66f100000)]
  0x000002863a680440 JavaThread "Worker-JM" [_thread_blocked, id=19944, stack(0x000000e66e200000,0x000000e66e300000)]
  0x000002863a85fbf0 JavaThread "Worker-0" [_thread_blocked, id=11924, stack(0x000000e66f600000,0x000000e66f700000)]
  0x000002863a861da0 JavaThread "Worker-1" [_thread_blocked, id=19344, stack(0x000000e66f700000,0x000000e66f800000)]
  0x000002863a861400 JavaThread "Worker-2: Initialize workspace" [_thread_blocked, id=22600, stack(0x000000e66f800000,0x000000e66f900000)]
  0x000002863a8600c0 JavaThread "Java indexing" daemon [_thread_blocked, id=2492, stack(0x000000e66f900000,0x000000e66fa00000)]
  0x000002863a862270 JavaThread "pool-2-thread-1" [_thread_in_native, id=12056, stack(0x000000e66fa00000,0x000000e66fb00000)]
  0x000002863a860590 JavaThread "Worker-3" [_thread_blocked, id=21752, stack(0x000000e66fb00000,0x000000e66fc00000)]
  0x000002863a85f720 JavaThread "Worker-4" [_thread_blocked, id=22864, stack(0x000000e66fc00000,0x000000e66fd00000)]
  0x000002863a8618d0 JavaThread "Worker-5" [_thread_blocked, id=24184, stack(0x000000e66fd00000,0x000000e66fe00000)]
  0x000002863a85e8b0 JavaThread "Worker-6: Building" [_thread_in_native, id=21828, stack(0x000000e66fe00000,0x000000e66ff00000)]
  0x00000286472c6f60 JavaThread "C2 CompilerThread1" daemon [_thread_blocked, id=20136, stack(0x000000e66ef00000,0x000000e66f000000)]

Other Threads:
  0x000002862200e890 VMThread "VM Thread" [stack: 0x000000e66d700000,0x000000e66d800000] [id=1956]
  0x0000028637ce7900 WatcherThread [stack: 0x000000e66e400000,0x000000e66e500000] [id=23548]
  0x0000028621f4d460 GCTaskThread "GC Thread#0" [stack: 0x000000e66d600000,0x000000e66d700000] [id=20512]
  0x0000028639083810 GCTaskThread "GC Thread#1" [stack: 0x000000e66e800000,0x000000e66e900000] [id=12068]
  0x0000028639405ee0 GCTaskThread "GC Thread#2" [stack: 0x000000e66e900000,0x000000e66ea00000] [id=24032]
  0x0000028639406190 GCTaskThread "GC Thread#3" [stack: 0x000000e66ea00000,0x000000e66eb00000] [id=23252]
  0x00000286392802b0 GCTaskThread "GC Thread#4" [stack: 0x000000e66eb00000,0x000000e66ec00000] [id=19772]
  0x0000028639280560 GCTaskThread "GC Thread#5" [stack: 0x000000e66ec00000,0x000000e66ed00000] [id=16872]
  0x0000028639280810 GCTaskThread "GC Thread#6" [stack: 0x000000e66ed00000,0x000000e66ee00000] [id=14600]
  0x000002863a6a2840 GCTaskThread "GC Thread#7" [stack: 0x000000e66f300000,0x000000e66f400000] [id=21236]
  0x000002863a6fc800 GCTaskThread "GC Thread#8" [stack: 0x000000e66f400000,0x000000e66f500000] [id=14672]
  0x000002863a6fcab0 GCTaskThread "GC Thread#9" [stack: 0x000000e66f500000,0x000000e66f600000] [id=17552]

Threads with active compile tasks:
C2 CompilerThread0    10330 5784   !   4       org.eclipse.osgi.internal.loader.BundleLoader::findRequiredSource (283 bytes)

VM state: not at safepoint (normal execution)

VM Mutex/Monitor currently owned by a thread: None

Heap address: 0x00000000c0000000, size: 1024 MB, Compressed Oops mode: 32-bit

CDS archive(s) not mapped
Compressed class space mapped at: 0x0000000100000000-0x0000000140000000, reserved size: 1073741824
Narrow klass base: 0x0000000000000000, Narrow klass shift: 3, Narrow klass range: 0x140000000

GC Precious Log:
 CPUs: 12 total, 12 available
 Memory: 16230M
 Large Page Support: Disabled
 NUMA Support: Disabled
 Compressed Oops: Enabled (32-bit)
 Alignments: Space 512K, Generation 512K, Heap 2M
 Heap Min Capacity: 100M
 Heap Initial Capacity: 100M
 Heap Max Capacity: 1G
 Pre-touch: Disabled
 Parallel Workers: 10

Heap:
 PSYoungGen      total 22528K, used 13786K [0x00000000eab00000, 0x00000000ec480000, 0x0000000100000000)
  eden space 20992K, 60% used [0x00000000eab00000,0x00000000eb76ead0,0x00000000ebf80000)
  from space 1536K, 68% used [0x00000000ec300000,0x00000000ec408000,0x00000000ec480000)
  to   space 2048K, 0% used [0x00000000ec080000,0x00000000ec080000,0x00000000ec280000)
 ParOldGen       total 68608K, used 34346K [0x00000000c0000000, 0x00000000c4300000, 0x00000000eab00000)
  object space 68608K, 50% used [0x00000000c0000000,0x00000000c218a8a0,0x00000000c4300000)
 Metaspace       used 51565K, committed 52416K, reserved 1097728K
  class space    used 5515K, committed 5888K, reserved 1048576K

Card table byte_map: [0x00000286218f0000,0x0000028621b00000] _byte_map_base: 0x00000286212f0000

Marking Bits: (ParMarkBitMap*) 0x00007ff9f7ea3af0
 Begin Bits: [0x0000028633bc0000, 0x0000028634bc0000)
 End Bits:   [0x0000028634bc0000, 0x0000028635bc0000)

Polling page: 0x000002861fee0000

Metaspace:

Usage:
  Non-class:     44.97 MB used.
      Class:      5.39 MB used.
       Both:     50.36 MB used.

Virtual space:
  Non-class space:       48.00 MB reserved,      45.44 MB ( 95%) committed,  6 nodes.
      Class space:        1.00 GB reserved,       5.75 MB ( <1%) committed,  1 nodes.
             Both:        1.05 GB reserved,      51.19 MB (  5%) committed. 

Chunk freelists:
   Non-Class:  2.58 MB
       Class:  2.28 MB
        Both:  4.86 MB

MaxMetaspaceSize: unlimited
CompressedClassSpaceSize: 1.00 GB
Initial GC threshold: 21.00 MB
Current GC threshold: 58.38 MB
CDS: off
MetaspaceReclaimPolicy: balanced
 - commit_granule_bytes: 65536.
 - commit_granule_words: 8192.
 - virtual_space_node_default_size: 1048576.
 - enlarge_chunks_in_place: 1.
 - new_chunks_are_fully_committed: 0.
 - uncommit_free_chunks: 1.
 - use_allocation_guard: 0.
 - handle_deallocations: 1.


Internal statistics:

num_allocs_failed_limit: 6.
num_arena_births: 312.
num_arena_deaths: 0.
num_vsnodes_births: 7.
num_vsnodes_deaths: 0.
num_space_committed: 819.
num_space_uncommitted: 0.
num_chunks_returned_to_freelist: 6.
num_chunks_taken_from_freelist: 2214.
num_chunk_merges: 6.
num_chunk_splits: 1399.
num_chunks_enlarged: 836.
num_purges: 0.
num_inconsistent_stats: 0.

CodeHeap 'non-profiled nmethods': size=120000Kb used=2449Kb max_used=2734Kb free=117550Kb
 bounds [0x000002862c690000, 0x000002862c950000, 0x0000028633bc0000]
CodeHeap 'profiled nmethods': size=120000Kb used=9787Kb max_used=11090Kb free=110212Kb
 bounds [0x0000028625160000, 0x0000028625c40000, 0x000002862c690000]
CodeHeap 'non-nmethods': size=5760Kb used=1305Kb max_used=1397Kb free=4454Kb
 bounds [0x0000028624bc0000, 0x0000028624e30000, 0x0000028625160000]
 total_blobs=5652 nmethods=5017 adapters=547
 compilation: enabled
              stopped_count=0, restarted_count=0
 full_count=0

Compilation events (20 events):
Event: 10.264 Thread 0x0000028637ad6d90 nmethod 5855 0x0000028625648e10 code [0x0000028625649040, 0x00000286256497a8]
Event: 10.268 Thread 0x0000028637ad6d90 5856       3       org.eclipse.core.internal.resources.ResourceProxy::getType (8 bytes)
Event: 10.269 Thread 0x0000028637ad6d90 nmethod 5856 0x0000028625782810 code [0x00000286257829c0, 0x0000028625782c78]
Event: 10.278 Thread 0x0000028637ad6d90 5857       3       org.eclipse.core.internal.resources.Workspace::createResource (179 bytes)
Event: 10.279 Thread 0x0000028637ad6d90 nmethod 5857 0x00000286253b4c90 code [0x00000286253b4f80, 0x00000286253b6758]
Event: 10.279 Thread 0x0000028637ad6d90 5858  s!   3       org.eclipse.core.internal.watson.ElementTree::createElement (64 bytes)
Event: 10.279 Thread 0x0000028637ad6d90 nmethod 5858 0x000002862566c110 code [0x000002862566c380, 0x000002862566ce38]
Event: 10.279 Thread 0x0000028637ad6d90 5859       3       org.eclipse.core.internal.dtree.DeltaDataTree::createChild (26 bytes)
Event: 10.279 Thread 0x0000028637ad6d90 nmethod 5859 0x000002862574e110 code [0x000002862574e300, 0x000002862574e7a8]
Event: 10.279 Thread 0x00000286472c6f60 5860       4       org.eclipse.core.runtime.Path::removeTrailingSeparator (32 bytes)
Event: 10.280 Thread 0x00000286472c6f60 nmethod 5860 0x000002862c746610 code [0x000002862c746780, 0x000002862c746818]
Event: 10.282 Thread 0x00000286472c6f60 5861       4       java.util.regex.Pattern$Node::study (21 bytes)
Event: 10.283 Thread 0x00000286472c6f60 nmethod 5861 0x000002862c746290 code [0x000002862c746400, 0x000002862c7464b8]
Event: 10.283 Thread 0x00000286472c6f60 5862   !   4       org.eclipse.osgi.util.NLS::internalBind (412 bytes)
Event: 10.292 Thread 0x0000028637ad6d90 5864       3       org.eclipse.core.internal.watson.ElementTree::includesIgnoreCase (36 bytes)
Event: 10.292 Thread 0x0000028637ad6d90 nmethod 5864 0x0000028625419b10 code [0x0000028625419cc0, 0x0000028625419ec8]
Event: 10.292 Thread 0x0000028637ad6d90 5865       3       org.eclipse.core.internal.resources.Project::getProjectRelativePath (4 bytes)
Event: 10.293 Thread 0x0000028637ad6d90 nmethod 5865 0x0000028625727390 code [0x0000028625727520, 0x0000028625727638]
Event: 10.295 Thread 0x0000028637ad6d90 5866       1       org.eclipse.core.internal.dtree.DeltaDataTree::setRootNode (6 bytes)
Event: 10.295 Thread 0x0000028637ad6d90 nmethod 5866 0x000002862c7b8c90 code [0x000002862c7b8e20, 0x000002862c7b8ef8]

GC Heap History (20 events):
Event: 3.026 GC heap before
{Heap before GC invocations=13 (full 2):
 PSYoungGen      total 24576K, used 1472K [0x00000000eab00000, 0x00000000ec880000, 0x0000000100000000)
  eden space 23040K, 0% used [0x00000000eab00000,0x00000000eab00000,0x00000000ec180000)
  from space 1536K, 95% used [0x00000000ec300000,0x00000000ec470010,0x00000000ec480000)
  to   space 2560K, 0% used [0x00000000ec600000,0x00000000ec600000,0x00000000ec880000)
 ParOldGen       total 68608K, used 20137K [0x00000000c0000000, 0x00000000c4300000, 0x00000000eab00000)
  object space 68608K, 29% used [0x00000000c0000000,0x00000000c13aa500,0x00000000c4300000)
 Metaspace       used 35171K, committed 35840K, reserved 1081344K
  class space    used 3640K, committed 3968K, reserved 1048576K
}
Event: 3.058 GC heap after
{Heap after GC invocations=13 (full 2):
 PSYoungGen      total 24576K, used 0K [0x00000000eab00000, 0x00000000ec880000, 0x0000000100000000)
  eden space 23040K, 0% used [0x00000000eab00000,0x00000000eab00000,0x00000000ec180000)
  from space 1536K, 0% used [0x00000000ec300000,0x00000000ec300000,0x00000000ec480000)
  to   space 2560K, 0% used [0x00000000ec600000,0x00000000ec600000,0x00000000ec880000)
 ParOldGen       total 68608K, used 19610K [0x00000000c0000000, 0x00000000c4300000, 0x00000000eab00000)
  object space 68608K, 28% used [0x00000000c0000000,0x00000000c1326848,0x00000000c4300000)
 Metaspace       used 35171K, committed 35840K, reserved 1081344K
  class space    used 3640K, committed 3968K, reserved 1048576K
}
Event: 3.139 GC heap before
{Heap before GC invocations=14 (full 2):
 PSYoungGen      total 24576K, used 23040K [0x00000000eab00000, 0x00000000ec880000, 0x0000000100000000)
  eden space 23040K, 100% used [0x00000000eab00000,0x00000000ec180000,0x00000000ec180000)
  from space 1536K, 0% used [0x00000000ec300000,0x00000000ec300000,0x00000000ec480000)
  to   space 2560K, 0% used [0x00000000ec600000,0x00000000ec600000,0x00000000ec880000)
 ParOldGen       total 68608K, used 19610K [0x00000000c0000000, 0x00000000c4300000, 0x00000000eab00000)
  object space 68608K, 28% used [0x00000000c0000000,0x00000000c1326848,0x00000000c4300000)
 Metaspace       used 36375K, committed 37120K, reserved 1089536K
  class space    used 3797K, committed 4160K, reserved 1048576K
}
Event: 3.140 GC heap after
{Heap after GC invocations=14 (full 2):
 PSYoungGen      total 24576K, used 1664K [0x00000000eab00000, 0x00000000ec800000, 0x0000000100000000)
  eden space 22528K, 0% used [0x00000000eab00000,0x00000000eab00000,0x00000000ec100000)
  from space 2048K, 81% used [0x00000000ec600000,0x00000000ec7a0000,0x00000000ec800000)
  to   space 2048K, 0% used [0x00000000ec400000,0x00000000ec400000,0x00000000ec600000)
 ParOldGen       total 68608K, used 19618K [0x00000000c0000000, 0x00000000c4300000, 0x00000000eab00000)
  object space 68608K, 28% used [0x00000000c0000000,0x00000000c1328848,0x00000000c4300000)
 Metaspace       used 36375K, committed 37120K, reserved 1089536K
  class space    used 3797K, committed 4160K, reserved 1048576K
}
Event: 3.345 GC heap before
{Heap before GC invocations=15 (full 2):
 PSYoungGen      total 24576K, used 24192K [0x00000000eab00000, 0x00000000ec800000, 0x0000000100000000)
  eden space 22528K, 100% used [0x00000000eab00000,0x00000000ec100000,0x00000000ec100000)
  from space 2048K, 81% used [0x00000000ec600000,0x00000000ec7a0000,0x00000000ec800000)
  to   space 2048K, 0% used [0x00000000ec400000,0x00000000ec400000,0x00000000ec600000)
 ParOldGen       total 68608K, used 19618K [0x00000000c0000000, 0x00000000c4300000, 0x00000000eab00000)
  object space 68608K, 28% used [0x00000000c0000000,0x00000000c1328848,0x00000000c4300000)
 Metaspace       used 39687K, committed 40448K, reserved 1089536K
  class space    used 4191K, committed 4544K, reserved 1048576K
}
Event: 3.348 GC heap after
{Heap after GC invocations=15 (full 2):
 PSYoungGen      total 24064K, used 2044K [0x00000000eab00000, 0x00000000ec980000, 0x0000000100000000)
  eden space 22016K, 0% used [0x00000000eab00000,0x00000000eab00000,0x00000000ec080000)
  from space 2048K, 99% used [0x00000000ec400000,0x00000000ec5ff128,0x00000000ec600000)
  to   space 3584K, 0% used [0x00000000ec600000,0x00000000ec600000,0x00000000ec980000)
 ParOldGen       total 68608K, used 21606K [0x00000000c0000000, 0x00000000c4300000, 0x00000000eab00000)
  object space 68608K, 31% used [0x00000000c0000000,0x00000000c1519ba0,0x00000000c4300000)
 Metaspace       used 39687K, committed 40448K, reserved 1089536K
  class space    used 4191K, committed 4544K, reserved 1048576K
}
Event: 3.381 GC heap before
{Heap before GC invocations=16 (full 2):
 PSYoungGen      total 24064K, used 24060K [0x00000000eab00000, 0x00000000ec980000, 0x0000000100000000)
  eden space 22016K, 100% used [0x00000000eab00000,0x00000000ec080000,0x00000000ec080000)
  from space 2048K, 99% used [0x00000000ec400000,0x00000000ec5ff128,0x00000000ec600000)
  to   space 3584K, 0% used [0x00000000ec600000,0x00000000ec600000,0x00000000ec980000)
 ParOldGen       total 68608K, used 21606K [0x00000000c0000000, 0x00000000c4300000, 0x00000000eab00000)
  object space 68608K, 31% used [0x00000000c0000000,0x00000000c1519ba0,0x00000000c4300000)
 Metaspace       used 39690K, committed 40448K, reserved 1089536K
  class space    used 4191K, committed 4544K, reserved 1048576K
}
Event: 3.383 GC heap after
{Heap after GC invocations=16 (full 2):
 PSYoungGen      total 24576K, used 2464K [0x00000000eab00000, 0x00000000ec880000, 0x0000000100000000)
  eden space 22016K, 0% used [0x00000000eab00000,0x00000000eab00000,0x00000000ec080000)
  from space 2560K, 96% used [0x00000000ec600000,0x00000000ec868010,0x00000000ec880000)
  to   space 3072K, 0% used [0x00000000ec280000,0x00000000ec280000,0x00000000ec580000)
 ParOldGen       total 68608K, used 23661K [0x00000000c0000000, 0x00000000c4300000, 0x00000000eab00000)
  object space 68608K, 34% used [0x00000000c0000000,0x00000000c171b4b0,0x00000000c4300000)
 Metaspace       used 39690K, committed 40448K, reserved 1089536K
  class space    used 4191K, committed 4544K, reserved 1048576K
}
Event: 3.408 GC heap before
{Heap before GC invocations=17 (full 2):
 PSYoungGen      total 24576K, used 24480K [0x00000000eab00000, 0x00000000ec880000, 0x0000000100000000)
  eden space 22016K, 100% used [0x00000000eab00000,0x00000000ec080000,0x00000000ec080000)
  from space 2560K, 96% used [0x00000000ec600000,0x00000000ec868010,0x00000000ec880000)
  to   space 3072K, 0% used [0x00000000ec280000,0x00000000ec280000,0x00000000ec580000)
 ParOldGen       total 68608K, used 23661K [0x00000000c0000000, 0x00000000c4300000, 0x00000000eab00000)
  object space 68608K, 34% used [0x00000000c0000000,0x00000000c171b4b0,0x00000000c4300000)
 Metaspace       used 39690K, committed 40448K, reserved 1089536K
  class space    used 4191K, committed 4544K, reserved 1048576K
}
Event: 3.411 GC heap after
{Heap after GC invocations=17 (full 2):
 PSYoungGen      total 24576K, used 2304K [0x00000000eab00000, 0x00000000ec680000, 0x0000000100000000)
  eden space 22016K, 0% used [0x00000000eab00000,0x00000000eab00000,0x00000000ec080000)
  from space 2560K, 90% used [0x00000000ec280000,0x00000000ec4c0000,0x00000000ec500000)
  to   space 1536K, 0% used [0x00000000ec500000,0x00000000ec500000,0x00000000ec680000)
 ParOldGen       total 68608K, used 26037K [0x00000000c0000000, 0x00000000c4300000, 0x00000000eab00000)
  object space 68608K, 37% used [0x00000000c0000000,0x00000000c196d4c0,0x00000000c4300000)
 Metaspace       used 39690K, committed 40448K, reserved 1089536K
  class space    used 4191K, committed 4544K, reserved 1048576K
}
Event: 3.625 GC heap before
{Heap before GC invocations=18 (full 2):
 PSYoungGen      total 24576K, used 24320K [0x00000000eab00000, 0x00000000ec680000, 0x0000000100000000)
  eden space 22016K, 100% used [0x00000000eab00000,0x00000000ec080000,0x00000000ec080000)
  from space 2560K, 90% used [0x00000000ec280000,0x00000000ec4c0000,0x00000000ec500000)
  to   space 1536K, 0% used [0x00000000ec500000,0x00000000ec500000,0x00000000ec680000)
 ParOldGen       total 68608K, used 26037K [0x00000000c0000000, 0x00000000c4300000, 0x00000000eab00000)
  object space 68608K, 37% used [0x00000000c0000000,0x00000000c196d4c0,0x00000000c4300000)
 Metaspace       used 40397K, committed 41088K, reserved 1089536K
  class space    used 4250K, committed 4544K, reserved 1048576K
}
Event: 3.628 GC heap after
{Heap after GC invocations=18 (full 2):
 PSYoungGen      total 22528K, used 1536K [0x00000000eab00000, 0x00000000ecb80000, 0x0000000100000000)
  eden space 20992K, 0% used [0x00000000eab00000,0x00000000eab00000,0x00000000ebf80000)
  from space 1536K, 100% used [0x00000000ec500000,0x00000000ec680000,0x00000000ec680000)
  to   space 5632K, 0% used [0x00000000ebf80000,0x00000000ebf80000,0x00000000ec500000)
 ParOldGen       total 68608K, used 29373K [0x00000000c0000000, 0x00000000c4300000, 0x00000000eab00000)
  object space 68608K, 42% used [0x00000000c0000000,0x00000000c1caf4c0,0x00000000c4300000)
 Metaspace       used 40397K, committed 41088K, reserved 1089536K
  class space    used 4250K, committed 4544K, reserved 1048576K
}
Event: 3.748 GC heap before
{Heap before GC invocations=19 (full 2):
 PSYoungGen      total 22528K, used 22528K [0x00000000eab00000, 0x00000000ecb80000, 0x0000000100000000)
  eden space 20992K, 100% used [0x00000000eab00000,0x00000000ebf80000,0x00000000ebf80000)
  from space 1536K, 100% used [0x00000000ec500000,0x00000000ec680000,0x00000000ec680000)
  to   space 5632K, 0% used [0x00000000ebf80000,0x00000000ebf80000,0x00000000ec500000)
 ParOldGen       total 68608K, used 29373K [0x00000000c0000000, 0x00000000c4300000, 0x00000000eab00000)
  object space 68608K, 42% used [0x00000000c0000000,0x00000000c1caf510,0x00000000c4300000)
 Metaspace       used 42143K, committed 42816K, reserved 1089536K
  class space    used 4432K, committed 4736K, reserved 1048576K
}
Event: 3.749 GC heap after
{Heap after GC invocations=19 (full 2):
 PSYoungGen      total 22016K, used 736K [0x00000000eab00000, 0x00000000ec580000, 0x0000000100000000)
  eden space 20992K, 0% used [0x00000000eab00000,0x00000000eab00000,0x00000000ebf80000)
  from space 1024K, 71% used [0x00000000ebf80000,0x00000000ec038020,0x00000000ec080000)
  to   space 2560K, 0% used [0x00000000ec300000,0x00000000ec300000,0x00000000ec580000)
 ParOldGen       total 68608K, used 30815K [0x00000000c0000000, 0x00000000c4300000, 0x00000000eab00000)
  object space 68608K, 44% used [0x00000000c0000000,0x00000000c1e17ef0,0x00000000c4300000)
 Metaspace       used 42143K, committed 42816K, reserved 1089536K
  class space    used 4432K, committed 4736K, reserved 1048576K
}
Event: 3.964 GC heap before
{Heap before GC invocations=20 (full 2):
 PSYoungGen      total 22016K, used 21728K [0x00000000eab00000, 0x00000000ec580000, 0x0000000100000000)
  eden space 20992K, 100% used [0x00000000eab00000,0x00000000ebf80000,0x00000000ebf80000)
  from space 1024K, 71% used [0x00000000ebf80000,0x00000000ec038020,0x00000000ec080000)
  to   space 2560K, 0% used [0x00000000ec300000,0x00000000ec300000,0x00000000ec580000)
 ParOldGen       total 68608K, used 30818K [0x00000000c0000000, 0x00000000c4300000, 0x00000000eab00000)
  object space 68608K, 44% used [0x00000000c0000000,0x00000000c1e18ae0,0x00000000c4300000)
 Metaspace       used 45541K, committed 46336K, reserved 1097728K
  class space    used 4830K, committed 5184K, reserved 1048576K
}
Event: 3.966 GC heap after
{Heap after GC invocations=20 (full 2):
 PSYoungGen      total 22528K, used 1120K [0x00000000eab00000, 0x00000000ec480000, 0x0000000100000000)
  eden space 20992K, 0% used [0x00000000eab00000,0x00000000eab00000,0x00000000ebf80000)
  from space 1536K, 72% used [0x00000000ec300000,0x00000000ec418000,0x00000000ec480000)
  to   space 1536K, 0% used [0x00000000ec180000,0x00000000ec180000,0x00000000ec300000)
 ParOldGen       total 68608K, used 31407K [0x00000000c0000000, 0x00000000c4300000, 0x00000000eab00000)
  object space 68608K, 45% used [0x00000000c0000000,0x00000000c1eabee8,0x00000000c4300000)
 Metaspace       used 45541K, committed 46336K, reserved 1097728K
  class space    used 4830K, committed 5184K, reserved 1048576K
}
Event: 4.174 GC heap before
{Heap before GC invocations=21 (full 2):
 PSYoungGen      total 22528K, used 22084K [0x00000000eab00000, 0x00000000ec480000, 0x0000000100000000)
  eden space 20992K, 99% used [0x00000000eab00000,0x00000000ebf791c8,0x00000000ebf80000)
  from space 1536K, 72% used [0x00000000ec300000,0x00000000ec418000,0x00000000ec480000)
  to   space 1536K, 0% used [0x00000000ec180000,0x00000000ec180000,0x00000000ec300000)
 ParOldGen       total 68608K, used 31407K [0x00000000c0000000, 0x00000000c4300000, 0x00000000eab00000)
  object space 68608K, 45% used [0x00000000c0000000,0x00000000c1eabee8,0x00000000c4300000)
 Metaspace       used 49534K, committed 50304K, reserved 1097728K
  class space    used 5301K, committed 5696K, reserved 1048576K
}
Event: 4.176 GC heap after
{Heap after GC invocations=21 (full 2):
 PSYoungGen      total 22528K, used 1507K [0x00000000eab00000, 0x00000000ec680000, 0x0000000100000000)
  eden space 20992K, 0% used [0x00000000eab00000,0x00000000eab00000,0x00000000ebf80000)
  from space 1536K, 98% used [0x00000000ec180000,0x00000000ec2f8cd0,0x00000000ec300000)
  to   space 3584K, 0% used [0x00000000ec300000,0x00000000ec300000,0x00000000ec680000)
 ParOldGen       total 68608K, used 32988K [0x00000000c0000000, 0x00000000c4300000, 0x00000000eab00000)
  object space 68608K, 48% used [0x00000000c0000000,0x00000000c20372b0,0x00000000c4300000)
 Metaspace       used 49534K, committed 50304K, reserved 1097728K
  class space    used 5301K, committed 5696K, reserved 1048576K
}
Event: 9.966 GC heap before
{Heap before GC invocations=22 (full 2):
 PSYoungGen      total 22528K, used 22499K [0x00000000eab00000, 0x00000000ec680000, 0x0000000100000000)
  eden space 20992K, 100% used [0x00000000eab00000,0x00000000ebf80000,0x00000000ebf80000)
  from space 1536K, 98% used [0x00000000ec180000,0x00000000ec2f8cd0,0x00000000ec300000)
  to   space 3584K, 0% used [0x00000000ec300000,0x00000000ec300000,0x00000000ec680000)
 ParOldGen       total 68608K, used 32988K [0x00000000c0000000, 0x00000000c4300000, 0x00000000eab00000)
  object space 68608K, 48% used [0x00000000c0000000,0x00000000c20372b0,0x00000000c4300000)
 Metaspace       used 51499K, committed 52288K, reserved 1097728K
  class space    used 5515K, committed 5888K, reserved 1048576K
}
Event: 9.967 GC heap after
{Heap after GC invocations=22 (full 2):
 PSYoungGen      total 22528K, used 1056K [0x00000000eab00000, 0x00000000ec480000, 0x0000000100000000)
  eden space 20992K, 0% used [0x00000000eab00000,0x00000000eab00000,0x00000000ebf80000)
  from space 1536K, 68% used [0x00000000ec300000,0x00000000ec408000,0x00000000ec480000)
  to   space 2048K, 0% used [0x00000000ec080000,0x00000000ec080000,0x00000000ec280000)
 ParOldGen       total 68608K, used 34346K [0x00000000c0000000, 0x00000000c4300000, 0x00000000eab00000)
  object space 68608K, 50% used [0x00000000c0000000,0x00000000c218a8a0,0x00000000c4300000)
 Metaspace       used 51499K, committed 52288K, reserved 1097728K
  class space    used 5515K, committed 5888K, reserved 1048576K
}

Deoptimization events (20 events):
Event: 8.207 Thread 0x000002863a85e8b0 DEOPT PACKING pc=0x000002862c78cc4c sp=0x000000e66fefe4e0
Event: 8.207 Thread 0x000002863a85e8b0 DEOPT UNPACKING pc=0x0000028624c120a3 sp=0x000000e66fefe430 mode 2
Event: 8.207 Thread 0x000002863a85e8b0 Uncommon trap: trap_request=0xffffff66 fr.pc=0x000002862c78cc4c relative=0x0000000000001aec
Event: 8.207 Thread 0x000002863a85e8b0 Uncommon trap: reason=speculate_class_check action=maybe_recompile pc=0x000002862c78cc4c method=org.eclipse.core.internal.dtree.AbstractDataTreeNode.assembleWith(Lorg/eclipse/core/internal/dtree/AbstractDataTreeNode;)Lorg/eclipse/core/internal/dtree/Abstr
Event: 8.207 Thread 0x000002863a85e8b0 DEOPT PACKING pc=0x000002862c78cc4c sp=0x000000e66fefe660
Event: 8.207 Thread 0x000002863a85e8b0 DEOPT UNPACKING pc=0x0000028624c120a3 sp=0x000000e66fefe5b0 mode 2
Event: 8.207 Thread 0x000002863a85e8b0 Uncommon trap: trap_request=0xffffff66 fr.pc=0x000002862c78cc4c relative=0x0000000000001aec
Event: 8.207 Thread 0x000002863a85e8b0 Uncommon trap: reason=speculate_class_check action=maybe_recompile pc=0x000002862c78cc4c method=org.eclipse.core.internal.dtree.AbstractDataTreeNode.assembleWith(Lorg/eclipse/core/internal/dtree/AbstractDataTreeNode;)Lorg/eclipse/core/internal/dtree/Abstr
Event: 8.207 Thread 0x000002863a85e8b0 DEOPT PACKING pc=0x000002862c78cc4c sp=0x000000e66fefe7e0
Event: 8.207 Thread 0x000002863a85e8b0 DEOPT UNPACKING pc=0x0000028624c120a3 sp=0x000000e66fefe730 mode 2
Event: 8.207 Thread 0x000002863a85e8b0 Uncommon trap: trap_request=0xffffff66 fr.pc=0x000002862c78cc4c relative=0x0000000000001aec
Event: 8.207 Thread 0x000002863a85e8b0 Uncommon trap: reason=speculate_class_check action=maybe_recompile pc=0x000002862c78cc4c method=org.eclipse.core.internal.dtree.AbstractDataTreeNode.assembleWith(Lorg/eclipse/core/internal/dtree/AbstractDataTreeNode;)Lorg/eclipse/core/internal/dtree/Abstr
Event: 8.207 Thread 0x000002863a85e8b0 DEOPT PACKING pc=0x000002862c78cc4c sp=0x000000e66fefe420
Event: 8.207 Thread 0x000002863a85e8b0 DEOPT UNPACKING pc=0x0000028624c120a3 sp=0x000000e66fefe370 mode 2
Event: 9.970 Thread 0x000002863a85e8b0 Uncommon trap: trap_request=0xffffff76 fr.pc=0x000002862c6b3414 relative=0x0000000000000414
Event: 9.970 Thread 0x000002863a85e8b0 Uncommon trap: reason=predicate action=maybe_recompile pc=0x000002862c6b3414 method=java.net.URI$Parser.scan(IIJJ)I @ 6 c2
Event: 9.970 Thread 0x000002863a85e8b0 DEOPT PACKING pc=0x000002862c6b3414 sp=0x000000e66fefdf80
Event: 9.970 Thread 0x000002863a85e8b0 DEOPT UNPACKING pc=0x0000028624c120a3 sp=0x000000e66fefde68 mode 2
Event: 10.171 Thread 0x000002863a85e8b0 DEOPT PACKING pc=0x0000028625a54dc0 sp=0x000000e66fefde40
Event: 10.171 Thread 0x000002863a85e8b0 DEOPT UNPACKING pc=0x0000028624c12843 sp=0x000000e66fefd338 mode 0

Classes unloaded (0 events):
No events

Classes redefined (0 events):
No events

Internal exceptions (20 events):
Event: 10.194 Thread 0x000002863a85e8b0 Exception <a 'sun/nio/fs/WindowsException'{0x00000000eb2e62f8}> (0x00000000eb2e62f8) 
thrown [e:\jenkins\tmp\workspace\build\src\src\hotspot\share\prims\jni.cpp, line 516]
Event: 10.196 Thread 0x000002863a85e8b0 Exception <a 'sun/nio/fs/WindowsException'{0x00000000eb2ecb20}> (0x00000000eb2ecb20) 
thrown [e:\jenkins\tmp\workspace\build\src\src\hotspot\share\prims\jni.cpp, line 516]
Event: 10.206 Thread 0x000002863a85e8b0 Exception <a 'sun/nio/fs/WindowsException'{0x00000000eb348c40}> (0x00000000eb348c40) 
thrown [e:\jenkins\tmp\workspace\build\src\src\hotspot\share\prims\jni.cpp, line 516]
Event: 10.207 Thread 0x000002863a85e8b0 Exception <a 'sun/nio/fs/WindowsException'{0x00000000eb350400}> (0x00000000eb350400) 
thrown [e:\jenkins\tmp\workspace\build\src\src\hotspot\share\prims\jni.cpp, line 516]
Event: 10.209 Thread 0x000002863a85e8b0 Exception <a 'sun/nio/fs/WindowsException'{0x00000000eb356258}> (0x00000000eb356258) 
thrown [e:\jenkins\tmp\workspace\build\src\src\hotspot\share\prims\jni.cpp, line 516]
Event: 10.218 Thread 0x000002863a85e8b0 Exception <a 'sun/nio/fs/WindowsException'{0x00000000eb3a9fd0}> (0x00000000eb3a9fd0) 
thrown [e:\jenkins\tmp\workspace\build\src\src\hotspot\share\prims\jni.cpp, line 516]
Event: 10.220 Thread 0x000002863a85e8b0 Exception <a 'sun/nio/fs/WindowsException'{0x00000000eb3b1278}> (0x00000000eb3b1278) 
thrown [e:\jenkins\tmp\workspace\build\src\src\hotspot\share\prims\jni.cpp, line 516]
Event: 10.221 Thread 0x000002863a85e8b0 Exception <a 'sun/nio/fs/WindowsException'{0x00000000eb3b7150}> (0x00000000eb3b7150) 
thrown [e:\jenkins\tmp\workspace\build\src\src\hotspot\share\prims\jni.cpp, line 516]
Event: 10.230 Thread 0x000002863a85e8b0 Exception <a 'sun/nio/fs/WindowsException'{0x00000000eb40b2e8}> (0x00000000eb40b2e8) 
thrown [e:\jenkins\tmp\workspace\build\src\src\hotspot\share\prims\jni.cpp, line 516]
Event: 10.232 Thread 0x000002863a85e8b0 Exception <a 'sun/nio/fs/WindowsException'{0x00000000eb4125e8}> (0x00000000eb4125e8) 
thrown [e:\jenkins\tmp\workspace\build\src\src\hotspot\share\prims\jni.cpp, line 516]
Event: 10.235 Thread 0x000002863a85e8b0 Exception <a 'sun/nio/fs/WindowsException'{0x00000000eb4187b8}> (0x00000000eb4187b8) 
thrown [e:\jenkins\tmp\workspace\build\src\src\hotspot\share\prims\jni.cpp, line 516]
Event: 10.244 Thread 0x000002863a85e8b0 Exception <a 'sun/nio/fs/WindowsException'{0x00000000eb46c728}> (0x00000000eb46c728) 
thrown [e:\jenkins\tmp\workspace\build\src\src\hotspot\share\prims\jni.cpp, line 516]
Event: 10.246 Thread 0x000002863a85e8b0 Exception <a 'sun/nio/fs/WindowsException'{0x00000000eb473960}> (0x00000000eb473960) 
thrown [e:\jenkins\tmp\workspace\build\src\src\hotspot\share\prims\jni.cpp, line 516]
Event: 10.248 Thread 0x000002863a85e8b0 Exception <a 'sun/nio/fs/WindowsException'{0x00000000eb479a48}> (0x00000000eb479a48) 
thrown [e:\jenkins\tmp\workspace\build\src\src\hotspot\share\prims\jni.cpp, line 516]
Event: 10.258 Thread 0x000002863a85e8b0 Exception <a 'sun/nio/fs/WindowsException'{0x00000000eb4cd630}> (0x00000000eb4cd630) 
thrown [e:\jenkins\tmp\workspace\build\src\src\hotspot\share\prims\jni.cpp, line 516]
Event: 10.259 Thread 0x000002863a85e8b0 Exception <a 'sun/nio/fs/WindowsException'{0x00000000eb4d4b60}> (0x00000000eb4d4b60) 
thrown [e:\jenkins\tmp\workspace\build\src\src\hotspot\share\prims\jni.cpp, line 516]
Event: 10.261 Thread 0x000002863a85e8b0 Exception <a 'sun/nio/fs/WindowsException'{0x00000000eb4daa38}> (0x00000000eb4daa38) 
thrown [e:\jenkins\tmp\workspace\build\src\src\hotspot\share\prims\jni.cpp, line 516]
Event: 10.270 Thread 0x000002863a85e8b0 Exception <a 'sun/nio/fs/WindowsException'{0x00000000eb532c38}> (0x00000000eb532c38) 
thrown [e:\jenkins\tmp\workspace\build\src\src\hotspot\share\prims\jni.cpp, line 516]
Event: 10.278 Thread 0x000002863a85e8b0 Exception <a 'sun/nio/fs/WindowsException'{0x00000000eb58db98}> (0x00000000eb58db98) 
thrown [e:\jenkins\tmp\workspace\build\src\src\hotspot\share\prims\jni.cpp, line 516]
Event: 10.285 Thread 0x000002863a85e8b0 Exception <a 'sun/nio/fs/WindowsException'{0x00000000eb5f0df8}> (0x00000000eb5f0df8) 
thrown [e:\jenkins\tmp\workspace\build\src\src\hotspot\share\prims\jni.cpp, line 516]

VM Operations (20 events):
Event: 4.316 Executing VM operation: HandshakeAllThreads
Event: 4.316 Executing VM operation: HandshakeAllThreads done
Event: 4.321 Executing VM operation: ICBufferFull
Event: 4.322 Executing VM operation: ICBufferFull done
Event: 4.328 Executing VM operation: HandshakeAllThreads
Event: 4.328 Executing VM operation: HandshakeAllThreads done
Event: 5.328 Executing VM operation: Cleanup
Event: 5.328 Executing VM operation: Cleanup done
Event: 5.494 Executing VM operation: HandshakeAllThreads
Event: 5.494 Executing VM operation: HandshakeAllThreads done
Event: 6.495 Executing VM operation: Cleanup
Event: 6.495 Executing VM operation: Cleanup done
Event: 7.495 Executing VM operation: Cleanup
Event: 7.495 Executing VM operation: Cleanup done
Event: 8.496 Executing VM operation: Cleanup
Event: 8.496 Executing VM operation: Cleanup done
Event: 9.511 Executing VM operation: Cleanup
Event: 9.511 Executing VM operation: Cleanup done
Event: 9.966 Executing VM operation: ParallelGCFailedAllocation
Event: 9.968 Executing VM operation: ParallelGCFailedAllocation done

Events (20 events):
Event: 5.498 Thread 0x0000028637ad86c0 flushing nmethod 0x0000028625a9d590
Event: 5.498 Thread 0x0000028637ad86c0 flushing nmethod 0x0000028625aa3110
Event: 5.498 Thread 0x0000028637ad86c0 flushing nmethod 0x0000028625aa5990
Event: 5.498 Thread 0x0000028637ad86c0 flushing nmethod 0x0000028625aa5e90
Event: 5.498 Thread 0x0000028637ad86c0 flushing nmethod 0x0000028625aa6490
Event: 5.498 Thread 0x0000028637ad86c0 flushing nmethod 0x0000028625aa6890
Event: 5.498 Thread 0x0000028637ad86c0 flushing nmethod 0x0000028625aa7c10
Event: 5.498 Thread 0x0000028637ad86c0 flushing nmethod 0x0000028625aa9a90
Event: 5.498 Thread 0x0000028637ad86c0 flushing nmethod 0x0000028625ab6d90
Event: 5.498 Thread 0x0000028637ad86c0 flushing nmethod 0x0000028625ab7b90
Event: 5.498 Thread 0x0000028637ad86c0 flushing nmethod 0x0000028625abc490
Event: 5.498 Thread 0x0000028637ad86c0 flushing nmethod 0x0000028625ad2010
Event: 5.498 Thread 0x0000028637ad86c0 flushing nmethod 0x0000028625ad2410
Event: 5.498 Thread 0x0000028637ad86c0 flushing nmethod 0x0000028625ad5f10
Event: 5.498 Thread 0x0000028637ad86c0 flushing nmethod 0x0000028625b08690
Event: 5.498 Thread 0x0000028637ad86c0 flushing nmethod 0x0000028625b0b810
Event: 5.499 Thread 0x0000028637ad86c0 flushing nmethod 0x0000028625b5d490
Event: 5.499 Thread 0x0000028637ad86c0 flushing nmethod 0x0000028625c14e90
Event: 6.514 Thread 0x00000286392ca290 Thread exited: 0x00000286392ca290
Event: 10.105 Thread 0x00000286472c6f60 Thread added: 0x00000286472c6f60


Dynamic libraries:
0x00007ff7cf550000 - 0x00007ff7cf55e000 	c:\Users\vasee\.vscode\extensions\redhat.java-1.5.0-win32-x64\jre\17.0.2-win32-x86_64\bin\java.exe
0x00007ffa62290000 - 0x00007ffa62485000 	C:\WINDOWS\SYSTEM32\ntdll.dll
0x00007ffa61ce0000 - 0x00007ffa61d9e000 	C:\WINDOWS\System32\KERNEL32.DLL
0x00007ffa60020000 - 0x00007ffa602e8000 	C:\WINDOWS\System32\KERNELBASE.dll
0x00007ffa5fc80000 - 0x00007ffa5fd80000 	C:\WINDOWS\System32\ucrtbase.dll
0x00007ffa4c3a0000 - 0x00007ffa4c3b9000 	c:\Users\vasee\.vscode\extensions\redhat.java-1.5.0-win32-x64\jre\17.0.2-win32-x86_64\bin\VCRUNTIME140.dll
0x00007ffa4c300000 - 0x00007ffa4c318000 	c:\Users\vasee\.vscode\extensions\redhat.java-1.5.0-win32-x64\jre\17.0.2-win32-x86_64\bin\jli.dll
0x00007ffa61ee0000 - 0x00007ffa62080000 	C:\WINDOWS\System32\USER32.dll
0x00007ffa49890000 - 0x00007ffa49b2a000 	C:\WINDOWS\WinSxS\amd64_microsoft.windows.common-controls_6595b64144ccf1df_6.0.19041.1110_none_60b5254171f9507e\COMCTL32.dll
0x00007ffa5fad0000 - 0x00007ffa5faf2000 	C:\WINDOWS\System32\win32u.dll
0x00007ffa62080000 - 0x00007ffa6211e000 	C:\WINDOWS\System32\msvcrt.dll
0x00007ffa60c70000 - 0x00007ffa60c9a000 	C:\WINDOWS\System32\GDI32.dll
0x00007ffa5ff10000 - 0x00007ffa6001b000 	C:\WINDOWS\System32\gdi32full.dll
0x00007ffa5fb90000 - 0x00007ffa5fc2d000 	C:\WINDOWS\System32\msvcp_win.dll
0x00007ffa619f0000 - 0x00007ffa61a20000 	C:\WINDOWS\System32\IMM32.DLL
0x00007ffa52d10000 - 0x00007ffa52d1c000 	c:\Users\vasee\.vscode\extensions\redhat.java-1.5.0-win32-x64\jre\17.0.2-win32-x86_64\bin\vcruntime140_1.dll
0x00007ff9f86a0000 - 0x00007ff9f8731000 	c:\Users\vasee\.vscode\extensions\redhat.java-1.5.0-win32-x64\jre\17.0.2-win32-x86_64\bin\msvcp140.dll
0x00007ff9f7320000 - 0x00007ff9f7f67000 	c:\Users\vasee\.vscode\extensions\redhat.java-1.5.0-win32-x64\jre\17.0.2-win32-x86_64\bin\server\jvm.dll
0x00007ffa60bc0000 - 0x00007ffa60c6e000 	C:\WINDOWS\System32\ADVAPI32.dll
0x00007ffa60840000 - 0x00007ffa608dc000 	C:\WINDOWS\System32\sechost.dll
0x00007ffa61db0000 - 0x00007ffa61ed5000 	C:\WINDOWS\System32\RPCRT4.dll
0x00007ffa602f0000 - 0x00007ffa602f8000 	C:\WINDOWS\System32\PSAPI.DLL
0x00007ffa59c50000 - 0x00007ffa59c5a000 	C:\WINDOWS\SYSTEM32\VERSION.dll
0x00007ffa49b50000 - 0x00007ffa49b77000 	C:\WINDOWS\SYSTEM32\WINMM.dll
0x00007ffa3f250000 - 0x00007ffa3f259000 	C:\WINDOWS\SYSTEM32\WSOCK32.dll
0x00007ffa60ac0000 - 0x00007ffa60b2b000 	C:\WINDOWS\System32\WS2_32.dll
0x00007ffa5d8d0000 - 0x00007ffa5d8e2000 	C:\WINDOWS\SYSTEM32\kernel.appcore.dll
0x00007ffa4db60000 - 0x00007ffa4db6a000 	c:\Users\vasee\.vscode\extensions\redhat.java-1.5.0-win32-x64\jre\17.0.2-win32-x86_64\bin\jimage.dll
0x00007ffa48410000 - 0x00007ffa485f4000 	C:\WINDOWS\SYSTEM32\DBGHELP.DLL
0x00007ffa47cd0000 - 0x00007ffa47cfc000 	C:\WINDOWS\SYSTEM32\dbgcore.DLL
0x00007ffa5fb00000 - 0x00007ffa5fb82000 	C:\WINDOWS\System32\bcryptPrimitives.dll
0x00007ffa17260000 - 0x00007ffa17285000 	c:\Users\vasee\.vscode\extensions\redhat.java-1.5.0-win32-x64\jre\17.0.2-win32-x86_64\bin\java.dll
0x00007ffa26ca0000 - 0x00007ffa26cb8000 	c:\Users\vasee\.vscode\extensions\redhat.java-1.5.0-win32-x64\jre\17.0.2-win32-x86_64\bin\zip.dll
0x00007ffa61110000 - 0x00007ffa61854000 	C:\WINDOWS\System32\SHELL32.dll
0x00007ffa5dad0000 - 0x00007ffa5e264000 	C:\WINDOWS\SYSTEM32\windows.storage.dll
0x00007ffa60480000 - 0x00007ffa607d4000 	C:\WINDOWS\System32\combase.dll
0x00007ffa5f420000 - 0x00007ffa5f44c000 	C:\WINDOWS\SYSTEM32\Wldp.dll
0x00007ffa61a20000 - 0x00007ffa61acd000 	C:\WINDOWS\System32\SHCORE.dll
0x00007ffa607e0000 - 0x00007ffa60835000 	C:\WINDOWS\System32\shlwapi.dll
0x00007ffa5f8f0000 - 0x00007ffa5f90f000 	C:\WINDOWS\SYSTEM32\profapi.dll
0x00007ffa24600000 - 0x00007ffa24619000 	C:\Users\vasee\.vscode\extensions\redhat.java-1.5.0-win32-x64\jre\17.0.2-win32-x86_64\bin\net.dll
0x00007ffa56970000 - 0x00007ffa56a7a000 	C:\WINDOWS\SYSTEM32\WINHTTP.dll
0x00007ffa5f180000 - 0x00007ffa5f1ea000 	C:\WINDOWS\system32\mswsock.dll
0x00007ffa23880000 - 0x00007ffa23895000 	C:\Users\vasee\.vscode\extensions\redhat.java-1.5.0-win32-x64\jre\17.0.2-win32-x86_64\bin\nio.dll
0x00007ffa5f370000 - 0x00007ffa5f388000 	C:\WINDOWS\SYSTEM32\CRYPTSP.dll
0x00007ffa5ea90000 - 0x00007ffa5eac4000 	C:\WINDOWS\system32\rsaenh.dll
0x00007ffa5fee0000 - 0x00007ffa5ff07000 	C:\WINDOWS\System32\bcrypt.dll
0x00007ffa5f8b0000 - 0x00007ffa5f8de000 	C:\WINDOWS\SYSTEM32\USERENV.dll
0x00007ffa5f390000 - 0x00007ffa5f39c000 	C:\WINDOWS\SYSTEM32\CRYPTBASE.dll
0x00007ffa5ee20000 - 0x00007ffa5ee5b000 	C:\WINDOWS\SYSTEM32\IPHLPAPI.DLL
0x00007ffa61da0000 - 0x00007ffa61da8000 	C:\WINDOWS\System32\NSI.dll
0x00007ffa59820000 - 0x00007ffa59837000 	C:\WINDOWS\SYSTEM32\dhcpcsvc6.DLL
0x00007ffa59800000 - 0x00007ffa5981d000 	C:\WINDOWS\SYSTEM32\dhcpcsvc.DLL
0x00007ffa5ee60000 - 0x00007ffa5ef2b000 	C:\WINDOWS\SYSTEM32\DNSAPI.dll
0x00007ffa04cf0000 - 0x00007ffa04d2e000 	C:\Users\vasee\AppData\Roaming\Code\User\globalStorage\redhat.java\1.5.0\config_win\org.eclipse.equinox.launcher\org.eclipse.equinox.launcher.win32.win32.x86_64_1.2.400.v20211117-0650\eclipse_11602.dll
0x00007ffa62120000 - 0x00007ffa6224a000 	C:\WINDOWS\System32\ole32.dll
0x00007ffa4d830000 - 0x00007ffa4d840000 	c:\Users\vasee\.vscode\extensions\redhat.java-1.5.0-win32-x64\jre\17.0.2-win32-x86_64\bin\verify.dll
0x00007ffa025f0000 - 0x00007ffa02634000 	C:\Users\vasee\AppData\Local\Temp\jna-111978952\jna3497480254068665664.dll

dbghelp: loaded successfully - version: 4.0.5 - missing functions: none
symbol engine: initialized successfully - sym options: 0x614 - pdb path: .;c:\Users\vasee\.vscode\extensions\redhat.java-1.5.0-win32-x64\jre\17.0.2-win32-x86_64\bin;C:\WINDOWS\SYSTEM32;C:\WINDOWS\WinSxS\amd64_microsoft.windows.common-controls_6595b64144ccf1df_6.0.19041.1110_none_60b5254171f9507e;c:\Users\vasee\.vscode\extensions\redhat.java-1.5.0-win32-x64\jre\17.0.2-win32-x86_64\bin\server;C:\Users\vasee\AppData\Roaming\Code\User\globalStorage\redhat.java\1.5.0\config_win\org.eclipse.equinox.launcher\org.eclipse.equinox.launcher.win32.win32.x86_64_1.2.400.v20211117-0650;C:\Users\vasee\AppData\Local\Temp\jna-111978952

VM Arguments:
jvm_args: --add-modules=ALL-SYSTEM --add-opens=java.base/java.util=ALL-UNNAMED --add-opens=java.base/java.lang=ALL-UNNAMED --add-opens=java.base/sun.nio.fs=ALL-UNNAMED -Declipse.application=org.eclipse.jdt.ls.core.id1 -Dosgi.bundles.defaultStartLevel=4 -Declipse.product=org.eclipse.jdt.ls.core.product -Djava.import.generatesMetadataFilesAtProjectRoot=false -Dfile.encoding=utf8 -DwatchParentProcess=false -XX:+UseParallelGC -XX:GCTimeRatio=4 -XX:AdaptiveSizePolicyWeight=90 -Dsun.zip.disableMemoryMapping=true -Xmx1G -Xms100m -XX:+HeapDumpOnOutOfMemoryError -XX:HeapDumpPath=c:\Users\vasee\AppData\Roaming\Code\User\workspaceStorage\e28578dcfbbfd06e46c8eaae48a0f812\redhat.java 
java_command: c:\Users\vasee\.vscode\extensions\redhat.java-1.5.0-win32-x64\server\plugins\org.eclipse.equinox.launcher_1.6.400.v20210924-0641.jar -configuration c:\Users\vasee\AppData\Roaming\Code\User\globalStorage\redhat.java\1.5.0\config_win -data c:\Users\vasee\AppData\Roaming\Code\User\workspaceStorage\e28578dcfbbfd06e46c8eaae48a0f812\redhat.java\jdt_ws
java_class_path (initial): c:\Users\vasee\.vscode\extensions\redhat.java-1.5.0-win32-x64\server\plugins\org.eclipse.equinox.launcher_1.6.400.v20210924-0641.jar
Launcher Type: SUN_STANDARD

[Global flags]
    uintx AdaptiveSizePolicyWeight                 = 90                                        {product} {command line}
     intx CICompilerCount                          = 4                                         {product} {ergonomic}
    uintx GCTimeRatio                              = 4                                         {product} {command line}
     bool HeapDumpOnOutOfMemoryError               = true                                   {manageable} {command line}
    ccstr HeapDumpPath                             = c:\Users\vasee\AppData\Roaming\Code\User\workspaceStorage\e28578dcfbbfd06e46c8eaae48a0f812\redhat.java         {manageable} {command line}
   size_t InitialHeapSize                          = 104857600                                 {product} {command line}
   size_t MaxHeapSize                              = 1073741824                                {product} {command line}
   size_t MaxNewSize                               = 357564416                                 {product} {ergonomic}
   size_t MinHeapDeltaBytes                        = 524288                                    {product} {ergonomic}
   size_t MinHeapSize                              = 104857600                                 {product} {command line}
   size_t NewSize                                  = 34603008                                  {product} {ergonomic}
    uintx NonNMethodCodeHeapSize                   = 5839372                                {pd product} {ergonomic}
    uintx NonProfiledCodeHeapSize                  = 122909434                              {pd product} {ergonomic}
   size_t OldSize                                  = 70254592                                  {product} {ergonomic}
    uintx ProfiledCodeHeapSize                     = 122909434                              {pd product} {ergonomic}
    uintx ReservedCodeCacheSize                    = 251658240                              {pd product} {ergonomic}
     bool SegmentedCodeCache                       = true                                      {product} {ergonomic}
   size_t SoftMaxHeapSize                          = 1073741824                             {manageable} {ergonomic}
     bool UseCompressedClassPointers               = true                           {product lp64_product} {ergonomic}
     bool UseCompressedOops                        = true                           {product lp64_product} {ergonomic}
     bool UseLargePagesIndividualAllocation        = false                                  {pd product} {ergonomic}
     bool UseParallelGC                            = true                                      {product} {command line}

Logging:
Log output configuration:
 #0: stdout all=warning uptime,level,tags
 #1: stderr all=off uptime,level,tags

Environment Variables:
JAVA_HOME=C:\Program Files\Java\jdk1.8.0_202\bin
CLASSPATH=C:\ojdbc11-full\ojdbc11.jar;C:\Program Files (x86)\Apache Software Foundation\Tomcat 9.0\webapps\SQLpgm\WEB-INF\lib\postgresql-42.3.4.jar;C:\Program Files (x86)\Apache Software Foundation\Tomcat 9.0\lib\servlet-api.jar;
PATH=C:\app\vasee\product\18.0.0\dbhomeXE\bin;C:\Program Files (x86)\Common Files\Oracle\Java\javapath;C:\Python38\Scripts\;C:\Python38\;C:\Windows\system32;C:\Windows;C:\Windows\System32\Wbem;C:\Windows\System32\WindowsPowerShell\v1.0\;C:\Windows\System32\OpenSSH\;C:\Program Files (x86)\NVIDIA Corporation\PhysX\Common;C:\Program Files\NVIDIA Corporation\NVIDIA NvDLISR;C:\Program Files\Intel\WiFi\bin\;C:\Program Files\Common Files\Intel\WirelessCommon\;C:\WINDOWS\system32;C:\WINDOWS;C:\WINDOWS\System32\Wbem;C:\WINDOWS\System32\WindowsPowerShell\v1.0\;C:\WINDOWS\System32\OpenSSH\;C:\Program Files\Git\cmd;C:\Program Files\Git\mingw64\bin;C:\Program Files\Git\usr\bin;C:\ProgramData\chocolatey\bin;C:\Program Files\TortoiseSVN\bin;C:\Program Files\MongoDB\Server\5.0\bin;C:\Program Files\nodejs\;C:\Program Files (x86)\Apache Software Foundation\Tomcat 9.0\lib\servlet-api.jar;"C:\app\vasee\product\18.0.0\dbhomeXE\bin;C:\Program Files (x86)\Common Files\Oracle\Java\javapath;C:\Python38\Scripts\;C:\Python38\;C:\Windows\system32;C:\Windows;C:\Windows\System32\Wbem;C:\Windows\System32\WindowsPowerShell\v1.0\;C:\Windows\System32\OpenSSH\;C:\Program Files (x86)\NVIDIA Corporation\PhysX\Common;C:\Program Files\NVIDIA Corporation\NVIDIA NvDLISR;C:\Program Files\Intel\WiFi\bin\;C:\Program Files\Common Files\Intel\WirelessCommon\;C:\WINDOWS\system32;C:\WINDOWS;C:\WINDOWS\System32\Wbem;C:\WINDOWS\System32\WindowsPowerShell\v1.0\;C:\WINDOWS\System32\OpenSSH\;C:\Program Files\Git\cmd;C:\Program Files\Git\mingw64\bin;C:\Program Files\Git\usr\bin;C:\ProgramData\chocolatey\bin;C:\Program Files\Java\jdk-14.0.2\bin;C:\Program Files\TortoiseSVN\bin;C:\Program Files\Java\jdk-14.0.2\lib;C:\Program Files\MongoDB\Server\5.0\bin;C:\Program Files\nodejs\;C:\Program Files (x86)\Apache Software Foundation\Tomcat 9.0\lib\servlet-api.jar;;";"%JAVA_HOME%\bin;";"%CATALINA_HOME%\bin;";"%CLASSPATH%\servlet-api.jar;";C:\Program Files\Java\jdk1.8.0_202\bin;C:\Users\vasee\AppData\Local\Programs\Python\Python37-
USERNAME=vasee
OS=Windows_NT
PROCESSOR_IDENTIFIER=Intel64 Family 6 Model 158 Stepping 13, GenuineIntel



---------------  S Y S T E M  ---------------

OS:
 Windows 10 , 64 bit Build 19041 (10.0.19041.1645)
OS uptime: 1 days 3:22 hours

CPU: total 12 (initial active 12) (6 cores per cpu, 2 threads per core) family 6 model 158 stepping 13 microcode 0xb8, cx8, cmov, fxsr, ht, mmx, 3dnowpref, sse, sse2, sse3, ssse3, sse4.1, sse4.2, popcnt, lzcnt, tsc, tscinvbit, avx, avx2, aes, erms, clmul, bmi1, bmi2, adx, fma, vzeroupper, clflush, clflushopt

Memory: 4k page, system-wide physical 16230M (7528M free)
TotalPageFile size 32614M (AvailPageFile size 20190M)
current process WorkingSet (physical memory assigned to process): 220M, peak: 245M
current process commit charge ("private bytes"): 305M, peak: 330M

vm_info: OpenJDK 64-Bit Server VM (17.0.2+8) for windows-amd64 JRE (17.0.2+8), built on Jan 20 2022 04:52:34 by "" with MS VC++ 16.7 (VS2019)

END.
